#! /c/Source/iverilog-install/bin/vvp
:ivl_version "12.0 (devel)" "(s20150603-1539-g2693dd32b)";
:ivl_delay_selection "TYPICAL";
:vpi_time_precision - 9;
:vpi_module "C:\iverilog\lib\ivl\system.vpi";
:vpi_module "C:\iverilog\lib\ivl\vhdl_sys.vpi";
:vpi_module "C:\iverilog\lib\ivl\vhdl_textio.vpi";
:vpi_module "C:\iverilog\lib\ivl\v2005_math.vpi";
:vpi_module "C:\iverilog\lib\ivl\va_math.vpi";
S_000001c8a0292430 .scope module, "sum4b_tb" "sum4b_tb" 2 4;
 .timescale -9 -9;
o000001c8a029c7a8 .functor BUFZ 1, C4<z>; HiZ drive
v000001c8a02f3bb0_0 .net "co_tb", 0 0, o000001c8a029c7a8;  0 drivers
v000001c8a02f39d0_0 .var "xi_tb", 3 0;
v000001c8a02f2170_0 .var "yi_tb", 3 0;
v000001c8a02f3e30_0 .net "zi_tb", 3 0, L_000001c8a02f2b70;  1 drivers
S_000001c8a0292750 .scope begin, "TEST_CASE" "TEST_CASE" 2 31, 2 31 0, S_000001c8a0292430;
 .timescale -9 -9;
S_000001c8a02983a0 .scope module, "uut" "sum4b" 2 13, 3 3 0, S_000001c8a0292430;
 .timescale 0 0;
    .port_info 0 /INPUT 4 "A";
    .port_info 1 /INPUT 4 "B";
    .port_info 2 /OUTPUT 1 "Cout";
    .port_info 3 /OUTPUT 4 "Sum";
v000001c8a02f20d0_0 .net "A", 3 0, v000001c8a02f39d0_0;  1 drivers
v000001c8a02f3b10_0 .net "B", 3 0, v000001c8a02f2170_0;  1 drivers
v000001c8a02f2c10_0 .net "Cout", 0 0, o000001c8a029c7a8;  alias, 0 drivers
v000001c8a02f36b0_0 .net "Sum", 3 0, L_000001c8a02f2b70;  alias, 1 drivers
v000001c8a02f3390_0 .net "c1", 0 0, L_000001c8a02f2670;  1 drivers
v000001c8a02f2d50_0 .net "c2", 0 0, L_000001c8a02f3ed0;  1 drivers
v000001c8a02f27b0_0 .net "c3", 0 0, L_000001c8a02f2490;  1 drivers
v000001c8a02f22b0_0 .net "co", 0 0, L_000001c8a02f2990;  1 drivers
L_000001c8a02f31b0 .part v000001c8a02f39d0_0, 0, 1;
L_000001c8a02f3430 .part v000001c8a02f2170_0, 0, 1;
L_000001c8a02f2210 .part v000001c8a02f39d0_0, 1, 1;
L_000001c8a02f2850 .part v000001c8a02f2170_0, 1, 1;
L_000001c8a02f3c50 .part v000001c8a02f39d0_0, 2, 1;
L_000001c8a02f28f0 .part v000001c8a02f2170_0, 2, 1;
L_000001c8a02f2350 .part v000001c8a02f39d0_0, 3, 1;
L_000001c8a02f2a30 .part v000001c8a02f2170_0, 3, 1;
L_000001c8a02f2b70 .concat8 [ 1 1 1 1], L_000001c8a02f3930, L_000001c8a02f23f0, L_000001c8a02f3610, L_000001c8a02f3070;
S_000001c8a0298530 .scope module, "s0" "sum1b" 3 14, 4 1 0, S_000001c8a02983a0;
 .timescale 0 0;
    .port_info 0 /INPUT 1 "A";
    .port_info 1 /INPUT 1 "B";
    .port_info 2 /INPUT 1 "Ci";
    .port_info 3 /OUTPUT 1 "Cout";
    .port_info 4 /OUTPUT 1 "Sum";
v000001c8a0290420_0 .net "A", 0 0, L_000001c8a02f31b0;  1 drivers
v000001c8a028fd40_0 .net "B", 0 0, L_000001c8a02f3430;  1 drivers
L_000001c8a02f50a8 .functor BUFT 1, C4<0>, C4<0>, C4<0>, C4<0>;
v000001c8a028f8e0_0 .net "Ci", 0 0, L_000001c8a02f50a8;  1 drivers
v000001c8a0290060_0 .net "Cout", 0 0, L_000001c8a02f2670;  alias, 1 drivers
v000001c8a028f980_0 .net "Sum", 0 0, L_000001c8a02f3930;  1 drivers
v000001c8a028fe80_0 .var "result", 1 0;
E_000001c8a028e180 .event anyedge, v000001c8a0290420_0, v000001c8a028fd40_0, v000001c8a028f8e0_0;
L_000001c8a02f3930 .part v000001c8a028fe80_0, 0, 1;
L_000001c8a02f2670 .part v000001c8a028fe80_0, 1, 1;
S_000001c8a0294ca0 .scope module, "s1" "sum1b" 3 15, 4 1 0, S_000001c8a02983a0;
 .timescale 0 0;
    .port_info 0 /INPUT 1 "A";
    .port_info 1 /INPUT 1 "B";
    .port_info 2 /INPUT 1 "Ci";
    .port_info 3 /OUTPUT 1 "Cout";
    .port_info 4 /OUTPUT 1 "Sum";
v000001c8a028f840_0 .net "A", 0 0, L_000001c8a02f2210;  1 drivers
v000001c8a0290560_0 .net "B", 0 0, L_000001c8a02f2850;  1 drivers
v000001c8a0290600_0 .net "Ci", 0 0, L_000001c8a02f2670;  alias, 1 drivers
v000001c8a02906a0_0 .net "Cout", 0 0, L_000001c8a02f3ed0;  alias, 1 drivers
v000001c8a028fb60_0 .net "Sum", 0 0, L_000001c8a02f23f0;  1 drivers
v000001c8a0290240_0 .var "result", 1 0;
E_000001c8a028e880 .event anyedge, v000001c8a028f840_0, v000001c8a0290560_0, v000001c8a0290060_0;
L_000001c8a02f23f0 .part v000001c8a0290240_0, 0, 1;
L_000001c8a02f3ed0 .part v000001c8a0290240_0, 1, 1;
S_000001c8a0294e30 .scope module, "s2" "sum1b" 3 16, 4 1 0, S_000001c8a02983a0;
 .timescale 0 0;
    .port_info 0 /INPUT 1 "A";
    .port_info 1 /INPUT 1 "B";
    .port_info 2 /INPUT 1 "Ci";
    .port_info 3 /OUTPUT 1 "Cout";
    .port_info 4 /OUTPUT 1 "Sum";
v000001c8a02902e0_0 .net "A", 0 0, L_000001c8a02f3c50;  1 drivers
v000001c8a028f7a0_0 .net "B", 0 0, L_000001c8a02f28f0;  1 drivers
v000001c8a0290380_0 .net "Ci", 0 0, L_000001c8a02f3ed0;  alias, 1 drivers
v000001c8a02904c0_0 .net "Cout", 0 0, L_000001c8a02f2490;  alias, 1 drivers
v000001c8a028fa20_0 .net "Sum", 0 0, L_000001c8a02f3610;  1 drivers
v000001c8a028fac0_0 .var "result", 1 0;
E_000001c8a028e280 .event anyedge, v000001c8a02902e0_0, v000001c8a028f7a0_0, v000001c8a02906a0_0;
L_000001c8a02f3610 .part v000001c8a028fac0_0, 0, 1;
L_000001c8a02f2490 .part v000001c8a028fac0_0, 1, 1;
S_000001c8a0262d60 .scope module, "s3" "sum1b" 3 17, 4 1 0, S_000001c8a02983a0;
 .timescale 0 0;
    .port_info 0 /INPUT 1 "A";
    .port_info 1 /INPUT 1 "B";
    .port_info 2 /INPUT 1 "Ci";
    .port_info 3 /OUTPUT 1 "Cout";
    .port_info 4 /OUTPUT 1 "Sum";
v000001c8a028fca0_0 .net "A", 0 0, L_000001c8a02f2350;  1 drivers
v000001c8a02f3d90_0 .net "B", 0 0, L_000001c8a02f2a30;  1 drivers
v000001c8a02f2530_0 .net "Ci", 0 0, L_000001c8a02f2490;  alias, 1 drivers
v000001c8a02f2ad0_0 .net "Cout", 0 0, L_000001c8a02f2990;  alias, 1 drivers
v000001c8a02f2710_0 .net "Sum", 0 0, L_000001c8a02f3070;  1 drivers
v000001c8a02f25d0_0 .var "result", 1 0;
E_000001c8a028e2c0 .event anyedge, v000001c8a028fca0_0, v000001c8a02f3d90_0, v000001c8a02904c0_0;
L_000001c8a02f3070 .part v000001c8a02f25d0_0, 0, 1;
L_000001c8a02f2990 .part v000001c8a02f25d0_0, 1, 1;
    .scope S_000001c8a0298530;
T_0 ;
    %wait E_000001c8a028e180;
    %load/vec4 v000001c8a0290420_0;
    %pad/u 2;
    %load/vec4 v000001c8a028fd40_0;
    %pad/u 2;
    %add;
    %load/vec4 v000001c8a028f8e0_0;
    %pad/u 2;
    %add;
    %store/vec4 v000001c8a028fe80_0, 0, 2;
    %jmp T_0;
    .thread T_0, $push;
    .scope S_000001c8a0294ca0;
T_1 ;
    %wait E_000001c8a028e880;
    %load/vec4 v000001c8a028f840_0;
    %pad/u 2;
    %load/vec4 v000001c8a0290560_0;
    %pad/u 2;
    %add;
    %load/vec4 v000001c8a0290600_0;
    %pad/u 2;
    %add;
    %store/vec4 v000001c8a0290240_0, 0, 2;
    %jmp T_1;
    .thread T_1, $push;
    .scope S_000001c8a0294e30;
T_2 ;
    %wait E_000001c8a028e280;
    %load/vec4 v000001c8a02902e0_0;
    %pad/u 2;
    %load/vec4 v000001c8a028f7a0_0;
    %pad/u 2;
    %add;
    %load/vec4 v000001c8a0290380_0;
    %pad/u 2;
    %add;
    %store/vec4 v000001c8a028fac0_0, 0, 2;
    %jmp T_2;
    .thread T_2, $push;
    .scope S_000001c8a0262d60;
T_3 ;
    %wait E_000001c8a028e2c0;
    %load/vec4 v000001c8a028fca0_0;
    %pad/u 2;
    %load/vec4 v000001c8a02f3d90_0;
    %pad/u 2;
    %add;
    %load/vec4 v000001c8a02f2530_0;
    %pad/u 2;
    %add;
    %store/vec4 v000001c8a02f25d0_0, 0, 2;
    %jmp T_3;
    .thread T_3, $push;
    .scope S_000001c8a0292430;
T_4 ;
    %pushi/vec4 0, 0, 4;
    %store/vec4 v000001c8a02f39d0_0, 0, 4;
    %pushi/vec4 0, 0, 4;
    %store/vec4 v000001c8a02f2170_0, 0, 4;
T_4.0 ;
    %load/vec4 v000001c8a02f2170_0;
    %pad/u 32;
    %cmpi/u 15, 0, 32;
    %jmp/0xz T_4.1, 5;
    %load/vec4 v000001c8a02f2170_0;
    %pad/u 32;
    %cmpi/e 0, 0, 32;
    %jmp/0xz  T_4.2, 4;
    %load/vec4 v000001c8a02f39d0_0;
    %addi 1, 0, 4;
    %store/vec4 v000001c8a02f39d0_0, 0, 4;
T_4.2 ;
    %delay 5, 0;
    %vpi_call 2 26 "$display", "el valor de %d + %d = %d", v000001c8a02f39d0_0, v000001c8a02f2170_0, v000001c8a02f3e30_0 {0 0 0};
    %load/vec4 v000001c8a02f2170_0;
    %addi 1, 0, 4;
    %store/vec4 v000001c8a02f2170_0, 0, 4;
    %jmp T_4.0;
T_4.1 ;
    %vpi_call 2 28 "$finish" {0 0 0};
    %end;
    .thread T_4;
    .scope S_000001c8a0292430;
T_5 ;
    %fork t_1, S_000001c8a0292750;
    %jmp t_0;
    .scope S_000001c8a0292750;
t_1 ;
    %vpi_call 2 32 "$dumpfile", "sum4b_tb.vcd" {0 0 0};
    %vpi_call 2 33 "$dumpvars", 32'sb11111111111111111111111111111111, S_000001c8a02983a0 {0 0 0};
    %end;
    .scope S_000001c8a0292430;
t_0 %join;
    %end;
    .thread T_5;
# The file index is used to find the file name in the following table.
:file_names 5;
    "N/A";
    "<interactive>";
    "sum4b_tb.v";
    "./sum4b.v";
    "./sum1b.v";
